The MPI test test_mpi for C in mode normal failed to compile with the following output:
Change Dir: C:/Users/Igor/ProgProjects/OPP/OPPlab1/cmake-build-debug/CMakeFiles/CMakeTmp

Run Build Command(s):C:/PROGRA~1/MINGW-~1/X86_64~1.0-P/mingw64/bin/mingw32-make.exe cmTC_85495/fast && C:/PROGRA~1/MINGW-~1/X86_64~1.0-P/mingw64/bin/mingw32-make.exe  -f CMakeFiles\cmTC_85495.dir\build.make CMakeFiles/cmTC_85495.dir/build
mingw32-make.exe[1]: Entering directory 'C:/Users/Igor/ProgProjects/OPP/OPPlab1/cmake-build-debug/CMakeFiles/CMakeTmp'
Building C object CMakeFiles/cmTC_85495.dir/test_mpi.c.obj
C:\PROGRA~1\MINGW-~1\X86_64~1.0-P\mingw64\bin\gcc.exe    -o CMakeFiles\cmTC_85495.dir\test_mpi.c.obj   -c "C:\Program Files\JetBrains\CLion 2019.3\bin\cmake\win\share\cmake-3.17\Modules\FindMPI\test_mpi.c"
C:\Program Files\JetBrains\CLion 2019.3\bin\cmake\win\share\cmake-3.17\Modules\FindMPI\test_mpi.c:1:10: fatal error: mpi.h: No such file or directory
 #include <mpi.h>
          ^~~~~~~
compilation terminated.
mingw32-make.exe[1]: *** [CMakeFiles\cmTC_85495.dir\build.make:85: CMakeFiles/cmTC_85495.dir/test_mpi.c.obj] Error 1
mingw32-make.exe[1]: Leaving directory 'C:/Users/Igor/ProgProjects/OPP/OPPlab1/cmake-build-debug/CMakeFiles/CMakeTmp'
mingw32-make.exe: *** [Makefile:140: cmTC_85495/fast] Error 2



The MPI test test_mpi for CXX in mode normal failed to compile with the following output:
Change Dir: C:/Users/Igor/ProgProjects/OPP/OPPlab1/cmake-build-debug/CMakeFiles/CMakeTmp

Run Build Command(s):C:/PROGRA~1/MINGW-~1/X86_64~1.0-P/mingw64/bin/mingw32-make.exe cmTC_e31fe/fast && C:/PROGRA~1/MINGW-~1/X86_64~1.0-P/mingw64/bin/mingw32-make.exe  -f CMakeFiles\cmTC_e31fe.dir\build.make CMakeFiles/cmTC_e31fe.dir/build
mingw32-make.exe[1]: Entering directory 'C:/Users/Igor/ProgProjects/OPP/OPPlab1/cmake-build-debug/CMakeFiles/CMakeTmp'
Building CXX object CMakeFiles/cmTC_e31fe.dir/test_mpi.cpp.obj
C:\PROGRA~1\MINGW-~1\X86_64~1.0-P\mingw64\bin\G__~1.EXE    -std=gnu++14 -o CMakeFiles\cmTC_e31fe.dir\test_mpi.cpp.obj -c C:\Users\Igor\ProgProjects\OPP\OPPlab1\cmake-build-debug\CMakeFiles\FindMPI\test_mpi.cpp
C:\Users\Igor\ProgProjects\OPP\OPPlab1\cmake-build-debug\CMakeFiles\FindMPI\test_mpi.cpp:1:10: fatal error: mpi.h: No such file or directory
 #include <mpi.h>
          ^~~~~~~
compilation terminated.
mingw32-make.exe[1]: *** [CMakeFiles\cmTC_e31fe.dir\build.make:85: CMakeFiles/cmTC_e31fe.dir/test_mpi.cpp.obj] Error 1
mingw32-make.exe[1]: Leaving directory 'C:/Users/Igor/ProgProjects/OPP/OPPlab1/cmake-build-debug/CMakeFiles/CMakeTmp'
mingw32-make.exe: *** [Makefile:140: cmTC_e31fe/fast] Error 2



The MPI test test_mpi for C in mode normal failed to compile with the following output:
Change Dir: C:/Users/Igor/ProgProjects/OPP/OPPlab1/cmake-build-debug/CMakeFiles/CMakeTmp

Run Build Command(s):C:/PROGRA~1/MINGW-~1/X86_64~1.0-P/mingw64/bin/mingw32-make.exe cmTC_26035/fast && C:/PROGRA~1/MINGW-~1/X86_64~1.0-P/mingw64/bin/mingw32-make.exe  -f CMakeFiles\cmTC_26035.dir\build.make CMakeFiles/cmTC_26035.dir/build
mingw32-make.exe[1]: Entering directory 'C:/Users/Igor/ProgProjects/OPP/OPPlab1/cmake-build-debug/CMakeFiles/CMakeTmp'
Building C object CMakeFiles/cmTC_26035.dir/test_mpi.c.obj
C:\PROGRA~1\MINGW-~1\X86_64~1.0-P\mingw64\bin\gcc.exe    -o CMakeFiles\cmTC_26035.dir\test_mpi.c.obj   -c "C:\Program Files\JetBrains\CLion 2019.3\bin\cmake\win\share\cmake-3.17\Modules\FindMPI\test_mpi.c"
C:\Program Files\JetBrains\CLion 2019.3\bin\cmake\win\share\cmake-3.17\Modules\FindMPI\test_mpi.c:1:10: fatal error: mpi.h: No such file or directory
 #include <mpi.h>
          ^~~~~~~
compilation terminated.
mingw32-make.exe[1]: *** [CMakeFiles\cmTC_26035.dir\build.make:85: CMakeFiles/cmTC_26035.dir/test_mpi.c.obj] Error 1
mingw32-make.exe[1]: Leaving directory 'C:/Users/Igor/ProgProjects/OPP/OPPlab1/cmake-build-debug/CMakeFiles/CMakeTmp'
mingw32-make.exe: *** [Makefile:140: cmTC_26035/fast] Error 2



The MPI test test_mpi for CXX in mode normal failed to compile with the following output:
Change Dir: C:/Users/Igor/ProgProjects/OPP/OPPlab1/cmake-build-debug/CMakeFiles/CMakeTmp

Run Build Command(s):C:/PROGRA~1/MINGW-~1/X86_64~1.0-P/mingw64/bin/mingw32-make.exe cmTC_f53de/fast && C:/PROGRA~1/MINGW-~1/X86_64~1.0-P/mingw64/bin/mingw32-make.exe  -f CMakeFiles\cmTC_f53de.dir\build.make CMakeFiles/cmTC_f53de.dir/build
mingw32-make.exe[1]: Entering directory 'C:/Users/Igor/ProgProjects/OPP/OPPlab1/cmake-build-debug/CMakeFiles/CMakeTmp'
Building CXX object CMakeFiles/cmTC_f53de.dir/test_mpi.cpp.obj
C:\PROGRA~1\MINGW-~1\X86_64~1.0-P\mingw64\bin\G__~1.EXE    -std=gnu++14 -o CMakeFiles\cmTC_f53de.dir\test_mpi.cpp.obj -c C:\Users\Igor\ProgProjects\OPP\OPPlab1\cmake-build-debug\CMakeFiles\FindMPI\test_mpi.cpp
C:\Users\Igor\ProgProjects\OPP\OPPlab1\cmake-build-debug\CMakeFiles\FindMPI\test_mpi.cpp:1:10: fatal error: mpi.h: No such file or directory
 #include <mpi.h>
          ^~~~~~~
compilation terminated.
mingw32-make.exe[1]: *** [CMakeFiles\cmTC_f53de.dir\build.make:85: CMakeFiles/cmTC_f53de.dir/test_mpi.cpp.obj] Error 1
mingw32-make.exe[1]: Leaving directory 'C:/Users/Igor/ProgProjects/OPP/OPPlab1/cmake-build-debug/CMakeFiles/CMakeTmp'
mingw32-make.exe: *** [Makefile:140: cmTC_f53de/fast] Error 2



The MPI test test_mpi for C in mode normal failed to compile with the following output:
Change Dir: C:/Users/Igor/ProgProjects/OPP/OPPlab1/cmake-build-debug/CMakeFiles/CMakeTmp

Run Build Command(s):C:/PROGRA~1/MINGW-~1/X86_64~1.0-P/mingw64/bin/mingw32-make.exe cmTC_d0b3e/fast && C:/PROGRA~1/MINGW-~1/X86_64~1.0-P/mingw64/bin/mingw32-make.exe  -f CMakeFiles\cmTC_d0b3e.dir\build.make CMakeFiles/cmTC_d0b3e.dir/build
mingw32-make.exe[1]: Entering directory 'C:/Users/Igor/ProgProjects/OPP/OPPlab1/cmake-build-debug/CMakeFiles/CMakeTmp'
Building C object CMakeFiles/cmTC_d0b3e.dir/test_mpi.c.obj
C:\PROGRA~1\MINGW-~1\X86_64~1.0-P\mingw64\bin\gcc.exe    -o CMakeFiles\cmTC_d0b3e.dir\test_mpi.c.obj   -c "C:\Program Files\JetBrains\CLion 2019.3\bin\cmake\win\share\cmake-3.17\Modules\FindMPI\test_mpi.c"
C:\Program Files\JetBrains\CLion 2019.3\bin\cmake\win\share\cmake-3.17\Modules\FindMPI\test_mpi.c:1:10: fatal error: mpi.h: No such file or directory
 #include <mpi.h>
          ^~~~~~~
compilation terminated.
mingw32-make.exe[1]: *** [CMakeFiles\cmTC_d0b3e.dir\build.make:85: CMakeFiles/cmTC_d0b3e.dir/test_mpi.c.obj] Error 1
mingw32-make.exe[1]: Leaving directory 'C:/Users/Igor/ProgProjects/OPP/OPPlab1/cmake-build-debug/CMakeFiles/CMakeTmp'
mingw32-make.exe: *** [Makefile:140: cmTC_d0b3e/fast] Error 2



The MPI test test_mpi for CXX in mode normal failed to compile with the following output:
Change Dir: C:/Users/Igor/ProgProjects/OPP/OPPlab1/cmake-build-debug/CMakeFiles/CMakeTmp

Run Build Command(s):C:/PROGRA~1/MINGW-~1/X86_64~1.0-P/mingw64/bin/mingw32-make.exe cmTC_9bf5d/fast && C:/PROGRA~1/MINGW-~1/X86_64~1.0-P/mingw64/bin/mingw32-make.exe  -f CMakeFiles\cmTC_9bf5d.dir\build.make CMakeFiles/cmTC_9bf5d.dir/build
mingw32-make.exe[1]: Entering directory 'C:/Users/Igor/ProgProjects/OPP/OPPlab1/cmake-build-debug/CMakeFiles/CMakeTmp'
Building CXX object CMakeFiles/cmTC_9bf5d.dir/test_mpi.cpp.obj
C:\PROGRA~1\MINGW-~1\X86_64~1.0-P\mingw64\bin\G__~1.EXE    -std=gnu++14 -o CMakeFiles\cmTC_9bf5d.dir\test_mpi.cpp.obj -c C:\Users\Igor\ProgProjects\OPP\OPPlab1\cmake-build-debug\CMakeFiles\FindMPI\test_mpi.cpp
C:\Users\Igor\ProgProjects\OPP\OPPlab1\cmake-build-debug\CMakeFiles\FindMPI\test_mpi.cpp:1:10: fatal error: mpi.h: No such file or directory
 #include <mpi.h>
          ^~~~~~~
compilation terminated.
mingw32-make.exe[1]: *** [CMakeFiles\cmTC_9bf5d.dir\build.make:85: CMakeFiles/cmTC_9bf5d.dir/test_mpi.cpp.obj] Error 1
mingw32-make.exe[1]: Leaving directory 'C:/Users/Igor/ProgProjects/OPP/OPPlab1/cmake-build-debug/CMakeFiles/CMakeTmp'
mingw32-make.exe: *** [Makefile:140: cmTC_9bf5d/fast] Error 2



The MPI test test_mpi for C in mode normal failed to compile with the following output:
Change Dir: C:/Users/Igor/ProgProjects/OPP/OPPlab1/cmake-build-debug/CMakeFiles/CMakeTmp

Run Build Command(s):C:/PROGRA~1/MINGW-~1/X86_64~1.0-P/mingw64/bin/mingw32-make.exe cmTC_20592/fast && mingw32-make.exe[1]: Entering directory 'C:/Users/Igor/ProgProjects/OPP/OPPlab1/cmake-build-debug/CMakeFiles/CMakeTmp'
C:/PROGRA~1/MINGW-~1/X86_64~1.0-P/mingw64/bin/mingw32-make.exe  -f CMakeFiles\cmTC_20592.dir\build.make CMakeFiles/cmTC_20592.dir/build
mingw32-make.exe[2]: Entering directory 'C:/Users/Igor/ProgProjects/OPP/OPPlab1/cmake-build-debug/CMakeFiles/CMakeTmp'
Building C object CMakeFiles/cmTC_20592.dir/test_mpi.c.obj
C:\PROGRA~1\MINGW-~1\X86_64~1.0-P\mingw64\bin\gcc.exe    -o CMakeFiles\cmTC_20592.dir\test_mpi.c.obj   -c "C:\Program Files\JetBrains\CLion 2019.3\bin\cmake\win\share\cmake-3.17\Modules\FindMPI\test_mpi.c"
C:\Program Files\JetBrains\CLion 2019.3\bin\cmake\win\share\cmake-3.17\Modules\FindMPI\test_mpi.c:1:10: fatal error: mpi.h: No such file or directory
 #include <mpi.h>
          ^~~~~~~
compilation terminated.
mingw32-make.exe[2]: *** [CMakeFiles\cmTC_20592.dir\build.make:85: CMakeFiles/cmTC_20592.dir/test_mpi.c.obj] Error 1
mingw32-make.exe[2]: Leaving directory 'C:/Users/Igor/ProgProjects/OPP/OPPlab1/cmake-build-debug/CMakeFiles/CMakeTmp'
mingw32-make.exe[1]: *** [Makefile:140: cmTC_20592/fast] Error 2
mingw32-make.exe[1]: Leaving directory 'C:/Users/Igor/ProgProjects/OPP/OPPlab1/cmake-build-debug/CMakeFiles/CMakeTmp'



The MPI test test_mpi for CXX in mode normal failed to compile with the following output:
Change Dir: C:/Users/Igor/ProgProjects/OPP/OPPlab1/cmake-build-debug/CMakeFiles/CMakeTmp

Run Build Command(s):C:/PROGRA~1/MINGW-~1/X86_64~1.0-P/mingw64/bin/mingw32-make.exe cmTC_ad173/fast && mingw32-make.exe[1]: Entering directory 'C:/Users/Igor/ProgProjects/OPP/OPPlab1/cmake-build-debug/CMakeFiles/CMakeTmp'
C:/PROGRA~1/MINGW-~1/X86_64~1.0-P/mingw64/bin/mingw32-make.exe  -f CMakeFiles\cmTC_ad173.dir\build.make CMakeFiles/cmTC_ad173.dir/build
mingw32-make.exe[2]: Entering directory 'C:/Users/Igor/ProgProjects/OPP/OPPlab1/cmake-build-debug/CMakeFiles/CMakeTmp'
Building CXX object CMakeFiles/cmTC_ad173.dir/test_mpi.cpp.obj
C:\PROGRA~1\MINGW-~1\X86_64~1.0-P\mingw64\bin\G__~1.EXE    -std=gnu++14 -o CMakeFiles\cmTC_ad173.dir\test_mpi.cpp.obj -c C:\Users\Igor\ProgProjects\OPP\OPPlab1\cmake-build-debug\CMakeFiles\FindMPI\test_mpi.cpp
C:\Users\Igor\ProgProjects\OPP\OPPlab1\cmake-build-debug\CMakeFiles\FindMPI\test_mpi.cpp:1:10: fatal error: mpi.h: No such file or directory
 #include <mpi.h>
          ^~~~~~~
compilation terminated.
mingw32-make.exe[2]: *** [CMakeFiles\cmTC_ad173.dir\build.make:85: CMakeFiles/cmTC_ad173.dir/test_mpi.cpp.obj] Error 1
mingw32-make.exe[2]: Leaving directory 'C:/Users/Igor/ProgProjects/OPP/OPPlab1/cmake-build-debug/CMakeFiles/CMakeTmp'
mingw32-make.exe[1]: *** [Makefile:140: cmTC_ad173/fast] Error 2
mingw32-make.exe[1]: Leaving directory 'C:/Users/Igor/ProgProjects/OPP/OPPlab1/cmake-build-debug/CMakeFiles/CMakeTmp'



The MPI test test_mpi for C in mode normal failed to compile with the following output:
Change Dir: C:/Users/Igor/ProgProjects/OPP/OPPlab1/cmake-build-debug/CMakeFiles/CMakeTmp

Run Build Command(s):C:/PROGRA~1/MINGW-~1/X86_64~1.0-P/mingw64/bin/mingw32-make.exe cmTC_7efb7/fast && C:/PROGRA~1/MINGW-~1/X86_64~1.0-P/mingw64/bin/mingw32-make.exe  -f CMakeFiles\cmTC_7efb7.dir\build.make CMakeFiles/cmTC_7efb7.dir/build
mingw32-make.exe[1]: Entering directory 'C:/Users/Igor/ProgProjects/OPP/OPPlab1/cmake-build-debug/CMakeFiles/CMakeTmp'
Building C object CMakeFiles/cmTC_7efb7.dir/test_mpi.c.obj
C:\PROGRA~1\MINGW-~1\X86_64~1.0-P\mingw64\bin\gcc.exe    -o CMakeFiles\cmTC_7efb7.dir\test_mpi.c.obj   -c "C:\Program Files\JetBrains\CLion 2019.3\bin\cmake\win\share\cmake-3.17\Modules\FindMPI\test_mpi.c"
C:\Program Files\JetBrains\CLion 2019.3\bin\cmake\win\share\cmake-3.17\Modules\FindMPI\test_mpi.c:1:10: fatal error: mpi.h: No such file or directory
 #include <mpi.h>
          ^~~~~~~
compilation terminated.
mingw32-make.exe[1]: *** [CMakeFiles\cmTC_7efb7.dir\build.make:85: CMakeFiles/cmTC_7efb7.dir/test_mpi.c.obj] Error 1
mingw32-make.exe[1]: Leaving directory 'C:/Users/Igor/ProgProjects/OPP/OPPlab1/cmake-build-debug/CMakeFiles/CMakeTmp'
mingw32-make.exe: *** [Makefile:140: cmTC_7efb7/fast] Error 2



The MPI test test_mpi for CXX in mode normal failed to compile with the following output:
Change Dir: C:/Users/Igor/ProgProjects/OPP/OPPlab1/cmake-build-debug/CMakeFiles/CMakeTmp

Run Build Command(s):C:/PROGRA~1/MINGW-~1/X86_64~1.0-P/mingw64/bin/mingw32-make.exe cmTC_dfc65/fast && C:/PROGRA~1/MINGW-~1/X86_64~1.0-P/mingw64/bin/mingw32-make.exe  -f CMakeFiles\cmTC_dfc65.dir\build.make CMakeFiles/cmTC_dfc65.dir/build
mingw32-make.exe[1]: Entering directory 'C:/Users/Igor/ProgProjects/OPP/OPPlab1/cmake-build-debug/CMakeFiles/CMakeTmp'
Building CXX object CMakeFiles/cmTC_dfc65.dir/test_mpi.cpp.obj
C:\PROGRA~1\MINGW-~1\X86_64~1.0-P\mingw64\bin\G__~1.EXE    -std=gnu++14 -o CMakeFiles\cmTC_dfc65.dir\test_mpi.cpp.obj -c C:\Users\Igor\ProgProjects\OPP\OPPlab1\cmake-build-debug\CMakeFiles\FindMPI\test_mpi.cpp
C:\Users\Igor\ProgProjects\OPP\OPPlab1\cmake-build-debug\CMakeFiles\FindMPI\test_mpi.cpp:1:10: fatal error: mpi.h: No such file or directory
 #include <mpi.h>
          ^~~~~~~
compilation terminated.
mingw32-make.exe[1]: *** [CMakeFiles\cmTC_dfc65.dir\build.make:85: CMakeFiles/cmTC_dfc65.dir/test_mpi.cpp.obj] Error 1
mingw32-make.exe[1]: Leaving directory 'C:/Users/Igor/ProgProjects/OPP/OPPlab1/cmake-build-debug/CMakeFiles/CMakeTmp'
mingw32-make.exe: *** [Makefile:140: cmTC_dfc65/fast] Error 2



The MPI test test_mpi for C in mode normal failed to compile with the following output:
Change Dir: C:/Users/Igor/ProgProjects/OPP/OPPlab1/cmake-build-debug/CMakeFiles/CMakeTmp

Run Build Command(s):C:/PROGRA~1/MINGW-~1/X86_64~1.0-P/mingw64/bin/mingw32-make.exe cmTC_bc63b/fast && C:/PROGRA~1/MINGW-~1/X86_64~1.0-P/mingw64/bin/mingw32-make.exe  -f CMakeFiles\cmTC_bc63b.dir\build.make CMakeFiles/cmTC_bc63b.dir/build
mingw32-make.exe[1]: Entering directory 'C:/Users/Igor/ProgProjects/OPP/OPPlab1/cmake-build-debug/CMakeFiles/CMakeTmp'
Building C object CMakeFiles/cmTC_bc63b.dir/test_mpi.c.obj
C:\PROGRA~1\MINGW-~1\X86_64~1.0-P\mingw64\bin\gcc.exe    -o CMakeFiles\cmTC_bc63b.dir\test_mpi.c.obj   -c "C:\Program Files\JetBrains\CLion 2019.3\bin\cmake\win\share\cmake-3.17\Modules\FindMPI\test_mpi.c"
C:\Program Files\JetBrains\CLion 2019.3\bin\cmake\win\share\cmake-3.17\Modules\FindMPI\test_mpi.c:1:10: fatal error: mpi.h: No such file or directory
 #include <mpi.h>
          ^~~~~~~
compilation terminated.
mingw32-make.exe[1]: *** [CMakeFiles\cmTC_bc63b.dir\build.make:85: CMakeFiles/cmTC_bc63b.dir/test_mpi.c.obj] Error 1
mingw32-make.exe[1]: Leaving directory 'C:/Users/Igor/ProgProjects/OPP/OPPlab1/cmake-build-debug/CMakeFiles/CMakeTmp'
mingw32-make.exe: *** [Makefile:140: cmTC_bc63b/fast] Error 2



The MPI test test_mpi for CXX in mode normal failed to compile with the following output:
Change Dir: C:/Users/Igor/ProgProjects/OPP/OPPlab1/cmake-build-debug/CMakeFiles/CMakeTmp

Run Build Command(s):C:/PROGRA~1/MINGW-~1/X86_64~1.0-P/mingw64/bin/mingw32-make.exe cmTC_9b9b6/fast && C:/PROGRA~1/MINGW-~1/X86_64~1.0-P/mingw64/bin/mingw32-make.exe  -f CMakeFiles\cmTC_9b9b6.dir\build.make CMakeFiles/cmTC_9b9b6.dir/build
mingw32-make.exe[1]: Entering directory 'C:/Users/Igor/ProgProjects/OPP/OPPlab1/cmake-build-debug/CMakeFiles/CMakeTmp'
Building CXX object CMakeFiles/cmTC_9b9b6.dir/test_mpi.cpp.obj
C:\PROGRA~1\MINGW-~1\X86_64~1.0-P\mingw64\bin\G__~1.EXE    -std=gnu++14 -o CMakeFiles\cmTC_9b9b6.dir\test_mpi.cpp.obj -c C:\Users\Igor\ProgProjects\OPP\OPPlab1\cmake-build-debug\CMakeFiles\FindMPI\test_mpi.cpp
C:\Users\Igor\ProgProjects\OPP\OPPlab1\cmake-build-debug\CMakeFiles\FindMPI\test_mpi.cpp:1:10: fatal error: mpi.h: No such file or directory
 #include <mpi.h>
          ^~~~~~~
compilation terminated.
mingw32-make.exe[1]: *** [CMakeFiles\cmTC_9b9b6.dir\build.make:85: CMakeFiles/cmTC_9b9b6.dir/test_mpi.cpp.obj] Error 1
mingw32-make.exe[1]: Leaving directory 'C:/Users/Igor/ProgProjects/OPP/OPPlab1/cmake-build-debug/CMakeFiles/CMakeTmp'
mingw32-make.exe: *** [Makefile:140: cmTC_9b9b6/fast] Error 2



The MPI test test_mpi for C in mode normal failed to compile with the following output:
Change Dir: C:/Users/Igor/ProgProjects/OPP/OPPlab1/cmake-build-debug/CMakeFiles/CMakeTmp

Run Build Command(s):C:/PROGRA~1/MINGW-~1/X86_64~1.0-P/mingw64/bin/mingw32-make.exe cmTC_d72fb/fast && C:/PROGRA~1/MINGW-~1/X86_64~1.0-P/mingw64/bin/mingw32-make.exe  -f CMakeFiles\cmTC_d72fb.dir\build.make CMakeFiles/cmTC_d72fb.dir/build
mingw32-make.exe[1]: Entering directory 'C:/Users/Igor/ProgProjects/OPP/OPPlab1/cmake-build-debug/CMakeFiles/CMakeTmp'
Building C object CMakeFiles/cmTC_d72fb.dir/test_mpi.c.obj
C:\PROGRA~1\MINGW-~1\X86_64~1.0-P\mingw64\bin\gcc.exe    -o CMakeFiles\cmTC_d72fb.dir\test_mpi.c.obj   -c "C:\Program Files\JetBrains\CLion 2019.3\bin\cmake\win\share\cmake-3.17\Modules\FindMPI\test_mpi.c"
C:\Program Files\JetBrains\CLion 2019.3\bin\cmake\win\share\cmake-3.17\Modules\FindMPI\test_mpi.c:1:10: fatal error: mpi.h: No such file or directory
 #include <mpi.h>
          ^~~~~~~
compilation terminated.
mingw32-make.exe[1]: *** [CMakeFiles\cmTC_d72fb.dir\build.make:85: CMakeFiles/cmTC_d72fb.dir/test_mpi.c.obj] Error 1
mingw32-make.exe[1]: Leaving directory 'C:/Users/Igor/ProgProjects/OPP/OPPlab1/cmake-build-debug/CMakeFiles/CMakeTmp'
mingw32-make.exe: *** [Makefile:140: cmTC_d72fb/fast] Error 2



The MPI test test_mpi for CXX in mode normal failed to compile with the following output:
Change Dir: C:/Users/Igor/ProgProjects/OPP/OPPlab1/cmake-build-debug/CMakeFiles/CMakeTmp

Run Build Command(s):C:/PROGRA~1/MINGW-~1/X86_64~1.0-P/mingw64/bin/mingw32-make.exe cmTC_d7357/fast && C:/PROGRA~1/MINGW-~1/X86_64~1.0-P/mingw64/bin/mingw32-make.exe  -f CMakeFiles\cmTC_d7357.dir\build.make CMakeFiles/cmTC_d7357.dir/build
mingw32-make.exe[1]: Entering directory 'C:/Users/Igor/ProgProjects/OPP/OPPlab1/cmake-build-debug/CMakeFiles/CMakeTmp'
Building CXX object CMakeFiles/cmTC_d7357.dir/test_mpi.cpp.obj
C:\PROGRA~1\MINGW-~1\X86_64~1.0-P\mingw64\bin\G__~1.EXE    -std=gnu++14 -o CMakeFiles\cmTC_d7357.dir\test_mpi.cpp.obj -c C:\Users\Igor\ProgProjects\OPP\OPPlab1\cmake-build-debug\CMakeFiles\FindMPI\test_mpi.cpp
C:\Users\Igor\ProgProjects\OPP\OPPlab1\cmake-build-debug\CMakeFiles\FindMPI\test_mpi.cpp:1:10: fatal error: mpi.h: No such file or directory
 #include <mpi.h>
          ^~~~~~~
compilation terminated.
mingw32-make.exe[1]: *** [CMakeFiles\cmTC_d7357.dir\build.make:85: CMakeFiles/cmTC_d7357.dir/test_mpi.cpp.obj] Error 1
mingw32-make.exe[1]: Leaving directory 'C:/Users/Igor/ProgProjects/OPP/OPPlab1/cmake-build-debug/CMakeFiles/CMakeTmp'
mingw32-make.exe: *** [Makefile:140: cmTC_d7357/fast] Error 2



The MPI test test_mpi for C in mode normal failed to compile with the following output:
Change Dir: C:/Users/Igor/ProgProjects/OPP/OPPlab1/cmake-build-debug/CMakeFiles/CMakeTmp

Run Build Command(s):C:/PROGRA~1/MINGW-~1/X86_64~1.0-P/mingw64/bin/mingw32-make.exe cmTC_94fda/fast && C:/PROGRA~1/MINGW-~1/X86_64~1.0-P/mingw64/bin/mingw32-make.exe  -f CMakeFiles\cmTC_94fda.dir\build.make CMakeFiles/cmTC_94fda.dir/build
mingw32-make.exe[1]: Entering directory 'C:/Users/Igor/ProgProjects/OPP/OPPlab1/cmake-build-debug/CMakeFiles/CMakeTmp'
Building C object CMakeFiles/cmTC_94fda.dir/test_mpi.c.obj
C:\PROGRA~1\MINGW-~1\X86_64~1.0-P\mingw64\bin\gcc.exe    -o CMakeFiles\cmTC_94fda.dir\test_mpi.c.obj   -c "C:\Program Files\JetBrains\CLion 2019.3\bin\cmake\win\share\cmake-3.17\Modules\FindMPI\test_mpi.c"
C:\Program Files\JetBrains\CLion 2019.3\bin\cmake\win\share\cmake-3.17\Modules\FindMPI\test_mpi.c:1:10: fatal error: mpi.h: No such file or directory
 #include <mpi.h>
          ^~~~~~~
compilation terminated.
mingw32-make.exe[1]: *** [CMakeFiles\cmTC_94fda.dir\build.make:85: CMakeFiles/cmTC_94fda.dir/test_mpi.c.obj] Error 1
mingw32-make.exe[1]: Leaving directory 'C:/Users/Igor/ProgProjects/OPP/OPPlab1/cmake-build-debug/CMakeFiles/CMakeTmp'
mingw32-make.exe: *** [Makefile:140: cmTC_94fda/fast] Error 2



The MPI test test_mpi for CXX in mode normal failed to compile with the following output:
Change Dir: C:/Users/Igor/ProgProjects/OPP/OPPlab1/cmake-build-debug/CMakeFiles/CMakeTmp

Run Build Command(s):C:/PROGRA~1/MINGW-~1/X86_64~1.0-P/mingw64/bin/mingw32-make.exe cmTC_8af3e/fast && C:/PROGRA~1/MINGW-~1/X86_64~1.0-P/mingw64/bin/mingw32-make.exe  -f CMakeFiles\cmTC_8af3e.dir\build.make CMakeFiles/cmTC_8af3e.dir/build
mingw32-make.exe[1]: Entering directory 'C:/Users/Igor/ProgProjects/OPP/OPPlab1/cmake-build-debug/CMakeFiles/CMakeTmp'
Building CXX object CMakeFiles/cmTC_8af3e.dir/test_mpi.cpp.obj
C:\PROGRA~1\MINGW-~1\X86_64~1.0-P\mingw64\bin\G__~1.EXE    -std=gnu++14 -o CMakeFiles\cmTC_8af3e.dir\test_mpi.cpp.obj -c C:\Users\Igor\ProgProjects\OPP\OPPlab1\cmake-build-debug\CMakeFiles\FindMPI\test_mpi.cpp
C:\Users\Igor\ProgProjects\OPP\OPPlab1\cmake-build-debug\CMakeFiles\FindMPI\test_mpi.cpp:1:10: fatal error: mpi.h: No such file or directory
 #include <mpi.h>
          ^~~~~~~
compilation terminated.
mingw32-make.exe[1]: *** [CMakeFiles\cmTC_8af3e.dir\build.make:85: CMakeFiles/cmTC_8af3e.dir/test_mpi.cpp.obj] Error 1
mingw32-make.exe[1]: Leaving directory 'C:/Users/Igor/ProgProjects/OPP/OPPlab1/cmake-build-debug/CMakeFiles/CMakeTmp'
mingw32-make.exe: *** [Makefile:140: cmTC_8af3e/fast] Error 2



